2020.06.07 22:19:35 INFO  started: Metals version 0.9.0 in workspace '/Users/emma/personal/tangent_home/chat'
2020.06.07 22:19:35 INFO  time: initialize in 0.27s
2020.06.07 22:19:36 INFO  no build target: using presentation compiler with only scala-library
2020.06.07 22:19:39 WARN  no build target for: /Users/emma/personal/tangent_home/chat/src/main/scala/com/tangent/ServiceBootstrap.scala
2020.06.07 22:20:07 WARN  code navigation does not work for the file '/Users/emma/personal/tangent_home/chat/src/main/scala/com/tangent/ServiceBootstrap.scala' because it doesn't belong to a build target.
2020.06.07 22:20:07 WARN  code navigation does not work for the file '/Users/emma/personal/tangent_home/chat/src/main/scala/com/tangent/ServiceBootstrap.scala' because it doesn't belong to a build target.
2020.06.07 22:20:07 WARN  code navigation does not work for the file '/Users/emma/personal/tangent_home/chat/src/main/scala/com/tangent/ServiceBootstrap.scala' because it doesn't belong to a build target.
2020.06.07 22:20:13 WARN  code navigation does not work for the file '/Users/emma/personal/tangent_home/chat/src/main/scala/com/tangent/ServiceBootstrap.scala' because it doesn't belong to a build target.
2020.06.07 22:20:13 WARN  code navigation does not work for the file '/Users/emma/personal/tangent_home/chat/src/main/scala/com/tangent/ServiceBootstrap.scala' because it doesn't belong to a build target.
2020.06.07 22:20:13 WARN  code navigation does not work for the file '/Users/emma/personal/tangent_home/chat/src/main/scala/com/tangent/ServiceBootstrap.scala' because it doesn't belong to a build target.
2020.06.07 22:20:15 WARN  code navigation does not work for the file '/Users/emma/personal/tangent_home/chat/src/main/scala/com/tangent/ServiceBootstrap.scala' because it doesn't belong to a build target.
2020.06.07 22:20:34 INFO  running '/Users/emma/.jabba/jdk/adopt@1.8.0-252/Contents/Home/bin/java -Djline.terminal=jline.UnsupportedTerminal -Dsbt.log.noformat=true -Dfile.encoding=UTF-8 -jar /var/folders/mb/qr_k_41j69b4p7wz53mxmf9c0000gn/T/metals318638157467944765/sbt-launch.jar -Dbloop.export-jar-classifiers=sources bloopInstall'
2020.06.07 22:20:34 INFO  skipping build import with status 'Started'
2020.06.07 22:20:39 INFO  [info] Loading global plugins from /Users/emma/.sbt/1.0/plugins
2020.06.07 22:20:41 INFO  [info] Loading settings for project chat-build from plugins.sbt,metals.sbt ...
2020.06.07 22:20:41 INFO  [info] Loading project definition from /Users/emma/personal/tangent_home/chat/project
2020.06.07 22:20:55 INFO  [info] Loading settings for project root from build.sbt ...
2020.06.07 22:20:55 INFO  [info] Set current project to chat (in build file:/Users/emma/personal/tangent_home/chat/)
2020.06.07 22:20:55 INFO  [success] Generated .bloop/root-test.json
2020.06.07 22:20:55 INFO  [success] Generated .bloop/root.json
2020.06.07 22:20:55 INFO  [success] Total time: 0 s, completed 07-Jun-2020 22:20:56
2020.06.07 22:20:56 INFO  build tool exit: 0
2020.06.07 22:20:56 INFO  time: ran 'sbt bloopInstall' in 21s
Starting the bsp launcher for bloop...
Opening a bsp server connection with 'bsp --protocol local --socket /var/folders/mb/qr_k_41j69b4p7wz53mxmf9c0000gn/T/bsp-launcher5230998015560875433/bsp.socket'...
Waiting for the bsp connection to come up...
Waiting for the bsp connection to come up...
Waiting for the bsp connection to come up...
Waiting for the bsp connection to come up...
Waiting for the bsp connection to come up...
Waiting for the bsp connection to come up...
Waiting for the bsp connection to come up...
2020.06.07 22:21:03 INFO  running '/Users/emma/.jabba/jdk/adopt@1.8.0-252/Contents/Home/bin/java -Djline.terminal=jline.UnsupportedTerminal -Dsbt.log.noformat=true -Dfile.encoding=UTF-8 -jar /var/folders/mb/qr_k_41j69b4p7wz53mxmf9c0000gn/T/metals8938853196036425867/sbt-launch.jar -Dbloop.export-jar-classifiers=sources bloopInstall'
No server running at 127.0.0.1:8212, let's fire one...
Resolving ch.epfl.scala:bloop-frontend_2.12:1.4.0-RC1-229-b7c15aa9...
Starting bloop server at 127.0.0.1:8212...
Attempting a connection to the server...
Attempting a connection to the server...
Attempting a connection to the server...
Attempting a connection to the server...
Attempting a connection to the server...
Attempting a connection to the server...
Attempting a connection to the server...
[0m[32m[D][0m Loading 2 projects from '/Users/emma/personal/tangent_home/chat/.bloop'...
[0m[32m[D][0m Loading project from '/Users/emma/personal/tangent_home/chat/.bloop/root-test.json'
[0m[32m[D][0m Loading project from '/Users/emma/personal/tangent_home/chat/.bloop/root.json'
[0m[32m[D][0m Cache miss for scala instance org.scala-lang:scala-compiler:2.13.1.
[0m[32m[D][0m   => /Users/emma/Library/Caches/Coursier/v1/https/repo1.maven.org/maven2/jline/jline/2.14.6/jline-2.14.6.jar
[0m[32m[D][0m   => /Users/emma/Library/Caches/Coursier/v1/https/repo1.maven.org/maven2/org/fusesource/jansi/jansi/1.12/jansi-1.12.jar
[0m[32m[D][0m   => /Users/emma/Library/Caches/Coursier/v1/https/repo1.maven.org/maven2/org/scala-lang/scala-compiler/2.13.1/scala-compiler-2.13.1.jar
[0m[32m[D][0m   => /Users/emma/Library/Caches/Coursier/v1/https/repo1.maven.org/maven2/org/scala-lang/scala-library/2.13.1/scala-library-2.13.1.jar
[0m[32m[D][0m   => /Users/emma/Library/Caches/Coursier/v1/https/repo1.maven.org/maven2/org/scala-lang/scala-reflect/2.13.1/scala-reflect-2.13.1.jar
[0m[32m[D][0m Missing analysis file for project 'root-test'
[0m[32m[D][0m Missing analysis file for project 'root'
[0m[32m[D][0m Waiting for a connection at local:///var/folders/mb/qr_k_41j69b4p7wz53mxmf9c0000gn/T/bsp-launcher5230998015560875433/bsp.socket...
The server is listening for incoming connections at local:///var/folders/mb/qr_k_41j69b4p7wz53mxmf9c0000gn/T/bsp-launcher5230998015560875433/bsp.socket...
Starting thread that pumps stdin and redirects it to the bsp server...
Starting thread that pumps server stdout and redirects it to the client stdout...
2020.06.07 22:21:04 INFO  tracing is disabled for protocol BSP, to enable tracing of incoming and outgoing JSON messages create an empty file at /Users/emma/Library/Caches/org.scalameta.metals/bsp.trace.json
2020.06.07 22:21:08 INFO  [info] Loading global plugins from /Users/emma/.sbt/1.0/plugins
2020.06.07 22:21:09 ERROR Timeout waiting for 'build/initialize' response
2020.06.07 22:21:09 ERROR Failed to connect with build server, no functionality will work.
java.util.concurrent.TimeoutException
	at java.util.concurrent.CompletableFuture.timedGet(CompletableFuture.java:1784)
	at java.util.concurrent.CompletableFuture.get(CompletableFuture.java:1928)
	at scala.meta.internal.metals.BuildServerConnection$.initialize(BuildServerConnection.scala:304)
	at scala.meta.internal.metals.BuildServerConnection$.$anonfun$fromSockets$1(BuildServerConnection.scala:246)
	at scala.util.Success.$anonfun$map$1(Try.scala:255)
	at scala.util.Success.map(Try.scala:213)
	at scala.concurrent.Future.$anonfun$map$1(Future.scala:292)
	at scala.concurrent.impl.Promise.liftedTree1$1(Promise.scala:33)
	at scala.concurrent.impl.Promise.$anonfun$transform$1(Promise.scala:33)
	at scala.concurrent.impl.CallbackRunnable.run(Promise.scala:64)
	at java.util.concurrent.ThreadPoolExecutor.runWorker(ThreadPoolExecutor.java:1149)
	at java.util.concurrent.ThreadPoolExecutor$Worker.run(ThreadPoolExecutor.java:624)
	at java.lang.Thread.run(Thread.java:748)

2020.06.07 22:21:09 INFO  [info] Loading settings for project chat-build from plugins.sbt,metals.sbt ...
2020.06.07 22:21:09 INFO  [info] Loading project definition from /Users/emma/personal/tangent_home/chat/project
2020.06.07 22:21:12 INFO  [info] Loading settings for project root from build.sbt ...
2020.06.07 22:21:12 INFO  [info] Set current project to chat (in build file:/Users/emma/personal/tangent_home/chat/)
2020.06.07 22:21:14 INFO  [warn] There may be incompatibilities among your library dependencies; run 'evicted' to see detailed eviction warnings.
2020.06.07 22:21:14 INFO  [warn] There may be incompatibilities among your library dependencies; run 'evicted' to see detailed eviction warnings.
2020.06.07 22:21:14 INFO  [success] Generated .bloop/root-test.json
2020.06.07 22:21:14 INFO  [success] Generated .bloop/root.json
2020.06.07 22:21:14 INFO  [success] Total time: 1 s, completed 07-Jun-2020 22:21:14
2020.06.07 22:21:14 INFO  build tool exit: 0
2020.06.07 22:21:14 INFO  time: ran 'sbt bloopInstall' in 10s
Starting the bsp launcher for bloop...
Opening a bsp server connection with 'bsp --protocol local --socket /var/folders/mb/qr_k_41j69b4p7wz53mxmf9c0000gn/T/bsp-launcher6039278866452459002/bsp.socket'...
Waiting for the bsp connection to come up...
2020.06.07 22:21:15 WARN  no build target for: /Users/emma/personal/tangent_home/chat/src/main/scala/com/tangent/chat/Model.scala
Waiting for the bsp connection to come up...
2020.06.07 22:21:16 WARN  code navigation does not work for the file '/Users/emma/personal/tangent_home/chat/src/main/scala/com/tangent/chat/Model.scala' because it doesn't belong to a build target.
Waiting for the bsp connection to come up...
[0m[32m[D][0m Loading workspace settings from bloop.settings.json
[0m[32m[D][0m Loading 2 projects from '/Users/emma/personal/tangent_home/chat/.bloop'...
[0m[32m[D][0m Loading project from '/Users/emma/personal/tangent_home/chat/.bloop/root.json'
[0m[32m[D][0m Loading project from '/Users/emma/personal/tangent_home/chat/.bloop/root-test.json'
[0m[32m[D][0m Resolving org.scalameta:semanticdb-scalac_2.13.1:4.3.10
[0m[32m[D][0m Configured SemanticDB in projects 'root-test', 'root'
[0m[32m[D][0m Waiting for a connection at local:///var/folders/mb/qr_k_41j69b4p7wz53mxmf9c0000gn/T/bsp-launcher6039278866452459002/bsp.socket...
The server is listening for incoming connections at local:///var/folders/mb/qr_k_41j69b4p7wz53mxmf9c0000gn/T/bsp-launcher6039278866452459002/bsp.socket...
Starting thread that pumps stdin and redirects it to the bsp server...
Starting thread that pumps server stdout and redirects it to the client stdout...
2020.06.07 22:21:17 INFO  tracing is disabled for protocol BSP, to enable tracing of incoming and outgoing JSON messages create an empty file at /Users/emma/Library/Caches/org.scalameta.metals/bsp.trace.json
2020.06.07 22:21:17 INFO  time: connected to build server in 2.44s
2020.06.07 22:21:17 INFO  Connected to Build server v1.4.0-RC1-229-b7c15aa9
2020.06.07 22:21:16 ERROR code navigation does not work for the file '/Users/emma/personal/tangent_home/chat/src/main/scala/com/tangent/chat/Model.scala' because the SemanticDB file '/Users/emma/personal/tangent_home/chat/.bloop/root/bloop-bsp-clients-classes/classes-Metals-N8q_1qTwSi6zDLtx7b0ATQ==/META-INF/semanticdb/src/main/scala/com/tangent/chat/Model.scala.semanticdb' doesn't exist. There can be many reasons for this error. 
2020.06.07 22:21:16 ERROR code navigation does not work for the file '/Users/emma/personal/tangent_home/chat/src/main/scala/com/tangent/chat/Model.scala' because the SemanticDB file '/Users/emma/personal/tangent_home/chat/.bloop/root/bloop-bsp-clients-classes/classes-Metals-N8q_1qTwSi6zDLtx7b0ATQ==/META-INF/semanticdb/src/main/scala/com/tangent/chat/Model.scala.semanticdb' doesn't exist. There can be many reasons for this error. 
2020.06.07 22:21:20 INFO  time: indexed workspace in 3.04s
2020.06.07 22:21:20 INFO  compiling root (7 scala sources)
2020.06.07 22:21:33 INFO  time: compiled root in 12s
Exception in thread "pool-5-thread-1" java.lang.Error: java.lang.InterruptedException
	at java.util.concurrent.ThreadPoolExecutor.runWorker(ThreadPoolExecutor.java:1155)
	at java.util.concurrent.ThreadPoolExecutor$Worker.run(ThreadPoolExecutor.java:624)
	at java.lang.Thread.run(Thread.java:748)
Caused by: java.lang.InterruptedException
	at scala.meta.internal.metals.FutureCancelToken.checkCanceled(FutureCancelToken.scala:27)
	at scala.meta.internal.pc.CompilerAccess.$anonfun$onCompilerJobQueue$1(CompilerAccess.scala:183)
	at scala.meta.internal.pc.CompilerJobQueue$Job.run(CompilerJobQueue.scala:101)
	at java.util.concurrent.ThreadPoolExecutor.runWorker(ThreadPoolExecutor.java:1149)
	... 2 more
2020.06.07 22:21:33 ERROR code navigation does not work for the file '/Users/emma/personal/tangent_home/chat/src/main/scala/com/tangent/chat/Model.scala' because the SemanticDB file '/Users/emma/personal/tangent_home/chat/.bloop/root/bloop-bsp-clients-classes/classes-Metals-N8q_1qTwSi6zDLtx7b0ATQ==/META-INF/semanticdb/src/main/scala/com/tangent/chat/Model.scala.semanticdb' doesn't exist. There can be many reasons for this error. 
2020.06.07 22:21:33 ERROR code navigation does not work for the file '/Users/emma/personal/tangent_home/chat/src/main/scala/com/tangent/chat/Model.scala' because the SemanticDB file '/Users/emma/personal/tangent_home/chat/.bloop/root/bloop-bsp-clients-classes/classes-Metals-N8q_1qTwSi6zDLtx7b0ATQ==/META-INF/semanticdb/src/main/scala/com/tangent/chat/Model.scala.semanticdb' doesn't exist. There can be many reasons for this error. 
2020.06.07 22:21:41 INFO  compiling root (7 scala sources)
2020.06.07 22:21:41 INFO  time: compiled root in 0.2s
2020.06.07 22:21:56 INFO  compiling root (7 scala sources)
2020.06.07 22:21:56 INFO  time: compiled root in 0.13s
2020.06.07 22:22:01 INFO  running '/Users/emma/.jabba/jdk/adopt@1.8.0-252/Contents/Home/bin/java -Djline.terminal=jline.UnsupportedTerminal -Dsbt.log.noformat=true -Dfile.encoding=UTF-8 -jar /var/folders/mb/qr_k_41j69b4p7wz53mxmf9c0000gn/T/metals6133069037844459697/sbt-launch.jar -Dbloop.export-jar-classifiers=sources bloopInstall'
2020.06.07 22:22:05 INFO  [info] Loading global plugins from /Users/emma/.sbt/1.0/plugins
2020.06.07 22:22:06 INFO  [info] Loading settings for project chat-build from plugins.sbt,metals.sbt ...
2020.06.07 22:22:06 INFO  [info] Loading project definition from /Users/emma/personal/tangent_home/chat/project
2020.06.07 22:22:06 INFO  [info] Loading settings for project root from build.sbt ...
2020.06.07 22:22:06 INFO  [info] Set current project to chat (in build file:/Users/emma/personal/tangent_home/chat/)
2020.06.07 22:22:07 INFO  [success] Generated .bloop/root.json
2020.06.07 22:22:07 INFO  [success] Generated .bloop/root-test.json
2020.06.07 22:22:07 INFO  [success] Total time: 0 s, completed 07-Jun-2020 22:22:07
2020.06.07 22:22:07 INFO  build tool exit: 0
2020.06.07 22:22:08 INFO  time: ran 'sbt bloopInstall' in 6.45s
2020.06.07 22:22:08 INFO  disconnected: build server
No more data in the client stdin, exiting...
Starting the bsp launcher for bloop...
Opening a bsp server connection with 'bsp --protocol local --socket /var/folders/mb/qr_k_41j69b4p7wz53mxmf9c0000gn/T/bsp-launcher7779143693534575819/bsp.socket'...
Waiting for the bsp connection to come up...
No more data in the server stdin, exiting...
No more data in the server stdin, exiting...
[0m[32m[D][0m Loading workspace settings from bloop.settings.json
[0m[32m[D][0m Waiting for a connection at local:///var/folders/mb/qr_k_41j69b4p7wz53mxmf9c0000gn/T/bsp-launcher7779143693534575819/bsp.socket...
The server is listening for incoming connections at local:///var/folders/mb/qr_k_41j69b4p7wz53mxmf9c0000gn/T/bsp-launcher7779143693534575819/bsp.socket...
Starting thread that pumps stdin and redirects it to the bsp server...
Starting thread that pumps server stdout and redirects it to the client stdout...
2020.06.07 22:22:08 INFO  tracing is disabled for protocol BSP, to enable tracing of incoming and outgoing JSON messages create an empty file at /Users/emma/Library/Caches/org.scalameta.metals/bsp.trace.json
2020.06.07 22:22:08 INFO  Connected to Build server v1.4.0-RC1-229-b7c15aa9
2020.06.07 22:22:08 INFO  time: indexed workspace in 0.4s
2020.06.07 22:22:08 INFO  compiling root (7 scala sources)
2020.06.07 22:22:08 INFO  time: compiled root in 0.11s
2020.06.07 22:22:14 ERROR code navigation does not work for the file '/Users/emma/personal/tangent_home/chat/src/main/scala/com/tangent/chat/ChatService.scala' because the SemanticDB file '/Users/emma/personal/tangent_home/chat/.bloop/root/bloop-bsp-clients-classes/classes-Metals-GDeacR9cQJuBlFrPh-BsUw==/META-INF/semanticdb/src/main/scala/com/tangent/chat/ChatService.scala.semanticdb' doesn't exist. There can be many reasons for this error. 
2020.06.07 22:22:14 ERROR code navigation does not work for the file '/Users/emma/personal/tangent_home/chat/src/main/scala/com/tangent/chat/ChatService.scala' because the SemanticDB file '/Users/emma/personal/tangent_home/chat/.bloop/root/bloop-bsp-clients-classes/classes-Metals-GDeacR9cQJuBlFrPh-BsUw==/META-INF/semanticdb/src/main/scala/com/tangent/chat/ChatService.scala.semanticdb' doesn't exist. There can be many reasons for this error. 
Jun 07, 2020 10:23:28 PM org.eclipse.lsp4j.jsonrpc.RemoteEndpoint handleCancellation
WARNING: Unmatched cancel notification for request id 323
2020.06.07 22:24:02 INFO  compiling root (7 scala sources)
2020.06.07 22:24:02 INFO  time: compiled root in 76ms
Jun 07, 2020 10:25:11 PM org.eclipse.lsp4j.jsonrpc.RemoteEndpoint handleCancellation
WARNING: Unmatched cancel notification for request id 754
2020.06.07 22:25:42 ERROR code navigation does not work for the file '/Users/emma/personal/tangent_home/chat/src/main/scala/com/tangent/routes/ChatRoutes.scala' because the SemanticDB file '/Users/emma/personal/tangent_home/chat/.bloop/root/bloop-bsp-clients-classes/classes-Metals-GDeacR9cQJuBlFrPh-BsUw==/META-INF/semanticdb/src/main/scala/com/tangent/routes/ChatRoutes.scala.semanticdb' doesn't exist. There can be many reasons for this error. 
2020.06.07 22:25:42 ERROR code navigation does not work for the file '/Users/emma/personal/tangent_home/chat/src/main/scala/com/tangent/routes/ChatRoutes.scala' because the SemanticDB file '/Users/emma/personal/tangent_home/chat/.bloop/root/bloop-bsp-clients-classes/classes-Metals-GDeacR9cQJuBlFrPh-BsUw==/META-INF/semanticdb/src/main/scala/com/tangent/routes/ChatRoutes.scala.semanticdb' doesn't exist. There can be many reasons for this error. 
2020.06.07 22:25:43 ERROR code navigation does not work for the file '/Users/emma/personal/tangent_home/chat/src/main/scala/com/tangent/routes/ChatRoutes.scala' because the SemanticDB file '/Users/emma/personal/tangent_home/chat/.bloop/root/bloop-bsp-clients-classes/classes-Metals-GDeacR9cQJuBlFrPh-BsUw==/META-INF/semanticdb/src/main/scala/com/tangent/routes/ChatRoutes.scala.semanticdb' doesn't exist. There can be many reasons for this error. 
2020.06.07 22:25:43 ERROR code navigation does not work for the file '/Users/emma/personal/tangent_home/chat/src/main/scala/com/tangent/routes/ChatRoutes.scala' because the SemanticDB file '/Users/emma/personal/tangent_home/chat/.bloop/root/bloop-bsp-clients-classes/classes-Metals-GDeacR9cQJuBlFrPh-BsUw==/META-INF/semanticdb/src/main/scala/com/tangent/routes/ChatRoutes.scala.semanticdb' doesn't exist. There can be many reasons for this error. 
2020.06.07 22:25:43 ERROR code navigation does not work for the file '/Users/emma/personal/tangent_home/chat/src/main/scala/com/tangent/routes/ChatRoutes.scala' because the SemanticDB file '/Users/emma/personal/tangent_home/chat/.bloop/root/bloop-bsp-clients-classes/classes-Metals-GDeacR9cQJuBlFrPh-BsUw==/META-INF/semanticdb/src/main/scala/com/tangent/routes/ChatRoutes.scala.semanticdb' doesn't exist. There can be many reasons for this error. 
2020.06.07 22:25:43 ERROR code navigation does not work for the file '/Users/emma/personal/tangent_home/chat/src/main/scala/com/tangent/routes/ChatRoutes.scala' because the SemanticDB file '/Users/emma/personal/tangent_home/chat/.bloop/root/bloop-bsp-clients-classes/classes-Metals-GDeacR9cQJuBlFrPh-BsUw==/META-INF/semanticdb/src/main/scala/com/tangent/routes/ChatRoutes.scala.semanticdb' doesn't exist. There can be many reasons for this error. 
2020.06.07 22:25:43 ERROR code navigation does not work for the file '/Users/emma/personal/tangent_home/chat/src/main/scala/com/tangent/routes/ChatRoutes.scala' because the SemanticDB file '/Users/emma/personal/tangent_home/chat/.bloop/root/bloop-bsp-clients-classes/classes-Metals-GDeacR9cQJuBlFrPh-BsUw==/META-INF/semanticdb/src/main/scala/com/tangent/routes/ChatRoutes.scala.semanticdb' doesn't exist. There can be many reasons for this error. 
2020.06.07 22:25:43 ERROR code navigation does not work for the file '/Users/emma/personal/tangent_home/chat/src/main/scala/com/tangent/routes/ChatRoutes.scala' because the SemanticDB file '/Users/emma/personal/tangent_home/chat/.bloop/root/bloop-bsp-clients-classes/classes-Metals-GDeacR9cQJuBlFrPh-BsUw==/META-INF/semanticdb/src/main/scala/com/tangent/routes/ChatRoutes.scala.semanticdb' doesn't exist. There can be many reasons for this error. 
2020.06.07 22:25:44 ERROR code navigation does not work for the file '/Users/emma/personal/tangent_home/chat/src/main/scala/com/tangent/routes/ChatRoutes.scala' because the SemanticDB file '/Users/emma/personal/tangent_home/chat/.bloop/root/bloop-bsp-clients-classes/classes-Metals-GDeacR9cQJuBlFrPh-BsUw==/META-INF/semanticdb/src/main/scala/com/tangent/routes/ChatRoutes.scala.semanticdb' doesn't exist. There can be many reasons for this error. 
2020.06.07 22:25:49 ERROR code navigation does not work for the file '/Users/emma/personal/tangent_home/chat/src/main/scala/com/tangent/routes/ChatRoutes.scala' because the SemanticDB file '/Users/emma/personal/tangent_home/chat/.bloop/root/bloop-bsp-clients-classes/classes-Metals-GDeacR9cQJuBlFrPh-BsUw==/META-INF/semanticdb/src/main/scala/com/tangent/routes/ChatRoutes.scala.semanticdb' doesn't exist. There can be many reasons for this error. 
2020.06.07 22:25:50 ERROR code navigation does not work for the file '/Users/emma/personal/tangent_home/chat/src/main/scala/com/tangent/routes/ChatRoutes.scala' because the SemanticDB file '/Users/emma/personal/tangent_home/chat/.bloop/root/bloop-bsp-clients-classes/classes-Metals-GDeacR9cQJuBlFrPh-BsUw==/META-INF/semanticdb/src/main/scala/com/tangent/routes/ChatRoutes.scala.semanticdb' doesn't exist. There can be many reasons for this error. 
2020.06.07 22:25:50 INFO  compiling root (7 scala sources)
2020.06.07 22:25:50 INFO  time: compiled root in 90ms
2020.06.07 22:27:06 ERROR code navigation does not work for the file '/Users/emma/personal/tangent_home/chat/src/main/scala/com/tangent/routes/ChatRoutes.scala' because the SemanticDB file '/Users/emma/personal/tangent_home/chat/.bloop/root/bloop-bsp-clients-classes/classes-Metals-GDeacR9cQJuBlFrPh-BsUw==/META-INF/semanticdb/src/main/scala/com/tangent/routes/ChatRoutes.scala.semanticdb' doesn't exist. There can be many reasons for this error. 
2020.06.07 22:27:22 ERROR code navigation does not work for the file '/Users/emma/personal/tangent_home/chat/src/main/scala/com/tangent/routes/ChatRoutes.scala' because the SemanticDB file '/Users/emma/personal/tangent_home/chat/.bloop/root/bloop-bsp-clients-classes/classes-Metals-GDeacR9cQJuBlFrPh-BsUw==/META-INF/semanticdb/src/main/scala/com/tangent/routes/ChatRoutes.scala.semanticdb' doesn't exist. There can be many reasons for this error. 
2020.06.07 22:27:22 ERROR code navigation does not work for the file '/Users/emma/personal/tangent_home/chat/src/main/scala/com/tangent/routes/ChatRoutes.scala' because the SemanticDB file '/Users/emma/personal/tangent_home/chat/.bloop/root/bloop-bsp-clients-classes/classes-Metals-GDeacR9cQJuBlFrPh-BsUw==/META-INF/semanticdb/src/main/scala/com/tangent/routes/ChatRoutes.scala.semanticdb' doesn't exist. There can be many reasons for this error. 
2020.06.07 22:27:24 ERROR code navigation does not work for the file '/Users/emma/personal/tangent_home/chat/src/main/scala/com/tangent/routes/ChatRoutes.scala' because the SemanticDB file '/Users/emma/personal/tangent_home/chat/.bloop/root/bloop-bsp-clients-classes/classes-Metals-GDeacR9cQJuBlFrPh-BsUw==/META-INF/semanticdb/src/main/scala/com/tangent/routes/ChatRoutes.scala.semanticdb' doesn't exist. There can be many reasons for this error. 
2020.06.07 22:28:01 ERROR code navigation does not work for the file '/Users/emma/personal/tangent_home/chat/src/main/scala/com/tangent/routes/ChatRoutes.scala' because the SemanticDB file '/Users/emma/personal/tangent_home/chat/.bloop/root/bloop-bsp-clients-classes/classes-Metals-GDeacR9cQJuBlFrPh-BsUw==/META-INF/semanticdb/src/main/scala/com/tangent/routes/ChatRoutes.scala.semanticdb' doesn't exist. There can be many reasons for this error. 
2020.06.07 22:28:01 INFO  compiling root (7 scala sources)
2020.06.07 22:28:01 ERROR code navigation does not work for the file '/Users/emma/personal/tangent_home/chat/src/main/scala/com/tangent/routes/ChatRoutes.scala' because the build target root is being compiled. Wait until compilation is finished and try again.
2020.06.07 22:28:01 ERROR code navigation does not work for the file '/Users/emma/personal/tangent_home/chat/src/main/scala/com/tangent/routes/ChatRoutes.scala' because the build target root is being compiled. Wait until compilation is finished and try again.
2020.06.07 22:28:09 WARN  there were two deprecation warnings (since 2.6.0); re-run with -deprecation for details
2020.06.07 22:28:09 INFO  time: compiled root in 7.55s
2020.06.07 22:28:25 INFO  running '/Users/emma/.jabba/jdk/adopt@1.8.0-252/Contents/Home/bin/java -Djline.terminal=jline.UnsupportedTerminal -Dsbt.log.noformat=true -Dfile.encoding=UTF-8 -jar /var/folders/mb/qr_k_41j69b4p7wz53mxmf9c0000gn/T/metals8394465538773266357/sbt-launch.jar -Dbloop.export-jar-classifiers=sources bloopInstall'
2020.06.07 22:28:29 INFO  [info] Loading global plugins from /Users/emma/.sbt/1.0/plugins
2020.06.07 22:28:31 INFO  [info] Loading settings for project chat-build from plugins.sbt,metals.sbt ...
2020.06.07 22:28:31 INFO  [info] Loading project definition from /Users/emma/personal/tangent_home/chat/project
2020.06.07 22:28:31 INFO  [info] Loading settings for project root from build.sbt ...
2020.06.07 22:28:31 INFO  [info] Set current project to chat (in build file:/Users/emma/personal/tangent_home/chat/)
2020.06.07 22:28:32 INFO  [success] Generated .bloop/root-test.json
2020.06.07 22:28:32 INFO  [success] Generated .bloop/root.json
2020.06.07 22:28:32 INFO  [success] Total time: 1 s, completed 07-Jun-2020 22:28:32
2020.06.07 22:28:32 INFO  build tool exit: 0
2020.06.07 22:28:32 INFO  time: ran 'sbt bloopInstall' in 7.46s
2020.06.07 22:28:32 INFO  disconnected: build server
No more data in the client stdin, exiting...
Starting the bsp launcher for bloop...
Opening a bsp server connection with 'bsp --protocol local --socket /var/folders/mb/qr_k_41j69b4p7wz53mxmf9c0000gn/T/bsp-launcher1455952126174693881/bsp.socket'...
No more data in the server stdin, exiting...
Waiting for the bsp connection to come up...
No more data in the server stdin, exiting...
[0m[32m[D][0m Loading workspace settings from bloop.settings.json
[0m[32m[D][0m Waiting for a connection at local:///var/folders/mb/qr_k_41j69b4p7wz53mxmf9c0000gn/T/bsp-launcher1455952126174693881/bsp.socket...
The server is listening for incoming connections at local:///var/folders/mb/qr_k_41j69b4p7wz53mxmf9c0000gn/T/bsp-launcher1455952126174693881/bsp.socket...
Starting thread that pumps stdin and redirects it to the bsp server...
Starting thread that pumps server stdout and redirects it to the client stdout...
2020.06.07 22:28:32 INFO  tracing is disabled for protocol BSP, to enable tracing of incoming and outgoing JSON messages create an empty file at /Users/emma/Library/Caches/org.scalameta.metals/bsp.trace.json
2020.06.07 22:28:32 INFO  Connected to Build server v1.4.0-RC1-229-b7c15aa9
2020.06.07 22:28:32 INFO  time: indexed workspace in 0.39s
2020.06.07 22:28:33 INFO  compiling root-test (4 scala sources)
2020.06.07 22:28:33 INFO  time: compiled root-test in 0.38s
2020.06.07 22:32:35 INFO  compiling root (1 scala source)
2020.06.07 22:32:38 INFO  time: compiled root in 3.48s
Jun 07, 2020 10:33:33 PM scala.meta.internal.pc.CompilerAccess retryWithCleanCompiler
INFO: compiler crashed due to an error in the Scala compiler, retrying with new compiler instance.
Jun 07, 2020 10:33:33 PM scala.meta.internal.pc.CompilerAccess handleError
SEVERE: implicit class <error> extends  (of class scala.reflect.internal.Trees$ClassDef)
scala.MatchError: implicit class <error> extends  (of class scala.reflect.internal.Trees$ClassDef)
	at scala.tools.nsc.typechecker.Unapplies.constrParamss(Unapplies.scala:87)
	at scala.tools.nsc.typechecker.Unapplies.factoryMeth(Unapplies.scala:137)
	at scala.tools.nsc.typechecker.Unapplies.factoryMeth$(Unapplies.scala:134)
	at scala.meta.internal.pc.MetalsGlobal$MetalsInteractiveAnalyzer.factoryMeth(MetalsGlobal.scala:52)
	at scala.tools.nsc.typechecker.MethodSynthesis$MethodSynth.enterImplicitWrapper(MethodSynthesis.scala:238)
	at scala.tools.nsc.typechecker.MethodSynthesis$MethodSynth.enterImplicitWrapper$(MethodSynthesis.scala:237)
	at scala.tools.nsc.typechecker.Namers$Namer.enterImplicitWrapper(Namers.scala:56)
	at scala.tools.nsc.interactive.InteractiveAnalyzer$InteractiveNamer.enterExistingSym(Global.scala:94)
	at scala.tools.nsc.interactive.InteractiveAnalyzer$InteractiveNamer.enterExistingSym$(Global.scala:80)
	at scala.tools.nsc.interactive.InteractiveAnalyzer$$anon$2.enterExistingSym(Global.scala:51)
	at scala.tools.nsc.typechecker.Namers$Namer.standardEnterSym(Namers.scala:305)
	at scala.tools.nsc.typechecker.AnalyzerPlugins.pluginsEnterSym(AnalyzerPlugins.scala:478)
	at scala.tools.nsc.typechecker.AnalyzerPlugins.pluginsEnterSym$(AnalyzerPlugins.scala:477)
	at scala.meta.internal.pc.MetalsGlobal$MetalsInteractiveAnalyzer.pluginsEnterSym(MetalsGlobal.scala:52)
	at scala.tools.nsc.typechecker.Namers$Namer.enterSym(Namers.scala:279)
	at scala.tools.nsc.typechecker.Typers$Typer.enterSym(Typers.scala:1970)
	at scala.tools.nsc.typechecker.Typers$Typer.enterSyms(Typers.scala:1965)
	at scala.tools.nsc.typechecker.Typers$Typer.typedTemplate(Typers.scala:2025)
	at scala.tools.nsc.typechecker.Typers$Typer.typedModuleDef(Typers.scala:1924)
	at scala.tools.nsc.typechecker.Typers$Typer.typed1(Typers.scala:5795)
	at scala.tools.nsc.typechecker.Typers$Typer.typed(Typers.scala:5886)
	at scala.tools.nsc.typechecker.Typers$Typer.typedStat$1(Typers.scala:5950)
	at scala.tools.nsc.typechecker.Typers$Typer.$anonfun$typedStats$10(Typers.scala:3394)
	at scala.tools.nsc.typechecker.Typers$Typer.typedStats(Typers.scala:3394)
	at scala.tools.nsc.typechecker.Typers$Typer.typedPackageDef$1(Typers.scala:5494)
	at scala.tools.nsc.typechecker.Typers$Typer.typed1(Typers.scala:5797)
	at scala.tools.nsc.typechecker.Typers$Typer.typed(Typers.scala:5886)
	at scala.tools.nsc.typechecker.Analyzer$typerFactory$TyperPhase.apply(Analyzer.scala:115)
	at scala.tools.nsc.Global$GlobalPhase.applyPhase(Global.scala:452)
	at scala.tools.nsc.interactive.Global$TyperRun.applyPhase(Global.scala:1345)
	at scala.tools.nsc.interactive.Global$TyperRun.typeCheck(Global.scala:1338)
	at scala.tools.nsc.interactive.Global.typeCheck(Global.scala:669)
	at scala.tools.nsc.interactive.Global.typedTreeAt(Global.scala:818)
	at scala.tools.nsc.interactive.Global.completionsAt(Global.scala:1230)
	at scala.meta.internal.pc.CompletionProvider.safeCompletionsAt(CompletionProvider.scala:370)
	at scala.meta.internal.pc.CompletionProvider.completions(CompletionProvider.scala:53)

2020.06.07 22:35:56 INFO  compiling root (1 scala source)
2020.06.07 22:35:56 INFO  time: compiled root in 0.74s
2020.06.07 22:35:56 INFO  compiling root (2 scala sources)
2020.06.07 22:35:59 INFO  time: compiled root in 2.15s
2020.06.07 22:44:16 INFO  compiling root (1 scala source)
2020.06.07 22:44:17 INFO  time: compiled root in 1.17s
2020.06.07 22:44:17 INFO  compiling root (1 scala source)
2020.06.07 22:44:17 INFO  time: compiled root in 73ms
2020.06.07 22:44:17 INFO  compiling root (1 scala source)
2020.06.07 22:44:17 INFO  time: compiled root in 49ms
2020.06.07 22:44:19 INFO  compiling root (2 scala sources)
2020.06.07 22:44:19 INFO  time: compiled root in 0.1s
2020.06.07 22:44:19 INFO  compiling root (2 scala sources)
2020.06.07 22:44:19 INFO  time: compiled root in 0.1s
2020.06.07 22:44:21 INFO  compiling root (2 scala sources)
2020.06.07 22:44:21 INFO  time: compiled root in 69ms
2020.06.07 22:45:24 INFO  compiling root (3 scala sources)
2020.06.07 22:45:24 INFO  time: compiled root in 75ms
2020.06.07 22:45:58 INFO  compiling root (2 scala sources)
2020.06.07 22:46:00 INFO  time: compiled root in 2.29s
2020.06.07 22:51:39 INFO  compiling root (1 scala source)
2020.06.07 22:51:39 INFO  time: compiled root in 0.98s
2020.06.07 22:52:01 INFO  compiling root-test (4 scala sources)
2020.06.07 22:52:01 INFO  time: compiled root-test in 0.84s
2020.06.07 22:54:22 INFO  compiling root (1 scala source)
2020.06.07 22:54:24 INFO  time: compiled root in 2.23s
2020.06.07 22:57:08 INFO  compiling root (1 scala source)
2020.06.07 22:57:11 INFO  time: compiled root in 2.45s
